This is pdfTeX, Version 3.141592653-2.6-1.40.22 (TeX Live 2022/dev/Debian) (preloaded format=pdflatex 2022.12.11)  9 APR 2023 18:41
entering extended mode
 restricted \write18 enabled.
 %&-line parsing enabled.
**final.tex
(./final.tex
LaTeX2e <2021-11-15> patch level 1
L3 programming layer <2022-01-21>
(/usr/share/texlive/texmf-dist/tex/latex/base/report.cls
Document Class: report 2021/10/04 v1.4n Standard LaTeX document class
(/usr/share/texlive/texmf-dist/tex/latex/base/size12.clo
File: size12.clo 2021/10/04 v1.4n Standard LaTeX file (size option)
)
\c@part=\count185
\c@chapter=\count186
\c@section=\count187
\c@subsection=\count188
\c@subsubsection=\count189
\c@paragraph=\count190
\c@subparagraph=\count191
\c@figure=\count192
\c@table=\count193
\abovecaptionskip=\skip47
\belowcaptionskip=\skip48
\bibindent=\dimen138
)
(/usr/share/texlive/texmf-dist/tex/latex/base/inputenc.sty
Package: inputenc 2021/02/14 v1.3d Input encoding file
\inpenc@prehook=\toks16
\inpenc@posthook=\toks17
)
(/usr/share/texlive/texmf-dist/tex/latex/base/fontenc.sty
Package: fontenc 2021/04/29 v2.0v Standard LaTeX package
)
(/usr/share/texlive/texmf-dist/tex/latex/amsmath/amsmath.sty
Package: amsmath 2021/10/15 v2.17l AMS math features
\@mathmargin=\skip49

For additional information on amsmath, use the `?' option.
(/usr/share/texlive/texmf-dist/tex/latex/amsmath/amstext.sty
Package: amstext 2021/08/26 v2.01 AMS text

(/usr/share/texlive/texmf-dist/tex/latex/amsmath/amsgen.sty
File: amsgen.sty 1999/11/30 v2.0 generic functions
\@emptytoks=\toks18
\ex@=\dimen139
))
(/usr/share/texlive/texmf-dist/tex/latex/amsmath/amsbsy.sty
Package: amsbsy 1999/11/29 v1.2d Bold Symbols
\pmbraise@=\dimen140
)
(/usr/share/texlive/texmf-dist/tex/latex/amsmath/amsopn.sty
Package: amsopn 2021/08/26 v2.02 operator names
)
\inf@bad=\count194
LaTeX Info: Redefining \frac on input line 234.
\uproot@=\count195
\leftroot@=\count196
LaTeX Info: Redefining \overline on input line 399.
\classnum@=\count197
\DOTSCASE@=\count198
LaTeX Info: Redefining \ldots on input line 496.
LaTeX Info: Redefining \dots on input line 499.
LaTeX Info: Redefining \cdots on input line 620.
\Mathstrutbox@=\box50
\strutbox@=\box51
\big@size=\dimen141
LaTeX Font Info:    Redeclaring font encoding OML on input line 743.
LaTeX Font Info:    Redeclaring font encoding OMS on input line 744.
\macc@depth=\count199
\c@MaxMatrixCols=\count266
\dotsspace@=\muskip16
\c@parentequation=\count267
\dspbrk@lvl=\count268
\tag@help=\toks19
\row@=\count269
\column@=\count270
\maxfields@=\count271
\andhelp@=\toks20
\eqnshift@=\dimen142
\alignsep@=\dimen143
\tagshift@=\dimen144
\tagwidth@=\dimen145
\totwidth@=\dimen146
\lineht@=\dimen147
\@envbody=\toks21
\multlinegap=\skip50
\multlinetaggap=\skip51
\mathdisplay@stack=\toks22
LaTeX Info: Redefining \[ on input line 2938.
LaTeX Info: Redefining \] on input line 2939.
)
(/usr/share/texlive/texmf-dist/tex/latex/amsfonts/amssymb.sty
Package: amssymb 2013/01/14 v3.01 AMS font symbols

(/usr/share/texlive/texmf-dist/tex/latex/amsfonts/amsfonts.sty
Package: amsfonts 2013/01/14 v3.01 Basic AMSFonts support
\symAMSa=\mathgroup4
\symAMSb=\mathgroup5
LaTeX Font Info:    Redeclaring math symbol \hbar on input line 98.
LaTeX Font Info:    Overwriting math alphabet `\mathfrak' in version `bold'
(Font)                  U/euf/m/n --> U/euf/b/n on input line 106.
))
(/usr/share/texlive/texmf-dist/tex/latex/graphics/graphicx.sty
Package: graphicx 2021/09/16 v1.2d Enhanced LaTeX Graphics (DPC,SPQR)

(/usr/share/texlive/texmf-dist/tex/latex/graphics/keyval.sty
Package: keyval 2014/10/28 v1.15 key=value parser (DPC)
\KV@toks@=\toks23
)
(/usr/share/texlive/texmf-dist/tex/latex/graphics/graphics.sty
Package: graphics 2021/03/04 v1.4d Standard LaTeX Graphics (DPC,SPQR)

(/usr/share/texlive/texmf-dist/tex/latex/graphics/trig.sty
Package: trig 2021/08/11 v1.11 sin cos tan (DPC)
)
(/usr/share/texlive/texmf-dist/tex/latex/graphics-cfg/graphics.cfg
File: graphics.cfg 2016/06/04 v1.11 sample graphics configuration
)
Package graphics Info: Driver file: pdftex.def on input line 107.

(/usr/share/texlive/texmf-dist/tex/latex/graphics-def/pdftex.def
File: pdftex.def 2020/10/05 v1.2a Graphics/color driver for pdftex
))
\Gin@req@height=\dimen148
\Gin@req@width=\dimen149
)
(/usr/share/texlive/texmf-dist/tex/latex/xcolor/xcolor.sty
Package: xcolor 2021/10/31 v2.13 LaTeX color extensions (UK)

(/usr/share/texlive/texmf-dist/tex/latex/graphics-cfg/color.cfg
File: color.cfg 2016/01/02 v1.6 sample color configuration
)
Package xcolor Info: Driver file: pdftex.def on input line 227.
Package xcolor Info: Model `cmy' substituted by `cmy0' on input line 1352.
Package xcolor Info: Model `hsb' substituted by `rgb' on input line 1356.
Package xcolor Info: Model `RGB' extended on input line 1368.
Package xcolor Info: Model `HTML' substituted by `rgb' on input line 1370.
Package xcolor Info: Model `Hsb' substituted by `hsb' on input line 1371.
Package xcolor Info: Model `tHsb' substituted by `hsb' on input line 1372.
Package xcolor Info: Model `HSB' substituted by `hsb' on input line 1373.
Package xcolor Info: Model `Gray' substituted by `gray' on input line 1374.
Package xcolor Info: Model `wave' substituted by `hsb' on input line 1375.
)
(/usr/share/texlive/texmf-dist/tex/latex/listings/listings.sty
\lst@mode=\count272
\lst@gtempboxa=\box52
\lst@token=\toks24
\lst@length=\count273
\lst@currlwidth=\dimen150
\lst@column=\count274
\lst@pos=\count275
\lst@lostspace=\dimen151
\lst@width=\dimen152
\lst@newlines=\count276
\lst@lineno=\count277
\lst@maxwidth=\dimen153

(/usr/share/texlive/texmf-dist/tex/latex/listings/lstmisc.sty
File: lstmisc.sty 2020/03/24 1.8d (Carsten Heinz)
\c@lstnumber=\count278
\lst@skipnumbers=\count279
\lst@framebox=\box53
)
(/usr/share/texlive/texmf-dist/tex/latex/listings/listings.cfg
File: listings.cfg 2020/03/24 1.8d listings configuration
))
Package: listings 2020/03/24 1.8d (Carsten Heinz)

(/usr/share/texlive/texmf-dist/tex/latex/cite/cite.sty
LaTeX Info: Redefining \cite on input line 302.
LaTeX Info: Redefining \nocite on input line 332.
Package: cite 2015/02/27  v 5.5
)
(/usr/share/texlive/texmf-dist/tex/latex/caption/subcaption.sty
Package: subcaption 2020/10/07 v1.3j Sub-captions (AR)

(/usr/share/texlive/texmf-dist/tex/latex/caption/caption.sty
Package: caption 2020/10/26 v3.5g Customizing captions (AR)

(/usr/share/texlive/texmf-dist/tex/latex/caption/caption3.sty
Package: caption3 2020/10/21 v2.2e caption3 kernel (AR)
\captionmargin=\dimen154
\captionmargin@=\dimen155
\captionwidth=\dimen156
\caption@tempdima=\dimen157
\caption@indent=\dimen158
\caption@parindent=\dimen159
\caption@hangindent=\dimen160
Package caption Info: Standard document class detected.
)
\c@caption@flags=\count280
\c@continuedfloat=\count281
Package caption Info: listings package is loaded.
)
\c@subfigure=\count282
\c@subtable=\count283
)
(/usr/share/texlive/texmf-dist/tex/latex/float/float.sty
Package: float 2001/11/08 v1.3d Float enhancements (AL)
\c@float@type=\count284
\float@exts=\toks25
\float@box=\box54
\@float@everytoks=\toks26
\@floatcapt=\box55
)
(/usr/share/texlive/texmf-dist/tex/latex/algorithmicx/algpseudocode.sty
Package: algpseudocode 

(/usr/share/texlive/texmf-dist/tex/latex/base/ifthen.sty
Package: ifthen 2020/11/24 v1.1c Standard LaTeX ifthen package (DPC)
)
(/usr/share/texlive/texmf-dist/tex/latex/algorithmicx/algorithmicx.sty
Package: algorithmicx 2005/04/27 v1.2 Algorithmicx

Document Style algorithmicx 1.2 - a greatly improved `algorithmic' style
\c@ALG@line=\count285
\c@ALG@rem=\count286
\c@ALG@nested=\count287
\ALG@tlm=\skip52
\ALG@thistlm=\skip53
\c@ALG@Lnr=\count288
\c@ALG@blocknr=\count289
\c@ALG@storecount=\count290
\c@ALG@tmpcounter=\count291
\ALG@tmplength=\skip54
)
Document Style - pseudocode environments for use with the `algorithmicx' style
) (/usr/share/texlive/texmf-dist/tex/latex/algorithms/algorithm.sty
Package: algorithm 2009/08/24 v0.1 Document Style `algorithm' - floating enviro
nment
\@float@every@algorithm=\toks27
\c@algorithm=\count292
)
(/usr/share/texlive/texmf-dist/tex/latex/eso-pic/eso-pic.sty
Package: eso-pic 2020/10/14 v3.0a eso-pic (RN)
\ESO@tempdima=\dimen161
\ESO@tempdimb=\dimen162
)
(/usr/share/texlive/texmf-dist/tex/latex/l3backend/l3backend-pdftex.def
File: l3backend-pdftex.def 2022-01-12 L3 backend support: PDF output (pdfTeX)
\l__color_backend_stack_int=\count293
\l__pdf_internal_box=\box56
)
(./final.aux (./background.aux) (./problemandgoals.aux) (./design.aux)
(./implementation.aux) (./results.aux) (./evaluation.aux) (./projectman.aux)
(./conclusion.aux) (./appendix.aux))
\openout1 = `final.aux'.

LaTeX Font Info:    Checking defaults for OML/cmm/m/it on input line 40.
LaTeX Font Info:    ... okay on input line 40.
LaTeX Font Info:    Checking defaults for OMS/cmsy/m/n on input line 40.
LaTeX Font Info:    ... okay on input line 40.
LaTeX Font Info:    Checking defaults for OT1/cmr/m/n on input line 40.
LaTeX Font Info:    ... okay on input line 40.
LaTeX Font Info:    Checking defaults for T1/cmr/m/n on input line 40.
LaTeX Font Info:    ... okay on input line 40.
LaTeX Font Info:    Checking defaults for TS1/cmr/m/n on input line 40.
LaTeX Font Info:    ... okay on input line 40.
LaTeX Font Info:    Checking defaults for OMX/cmex/m/n on input line 40.
LaTeX Font Info:    ... okay on input line 40.
LaTeX Font Info:    Checking defaults for U/cmr/m/n on input line 40.
LaTeX Font Info:    ... okay on input line 40.

(/usr/share/texlive/texmf-dist/tex/context/base/mkii/supp-pdf.mkii
[Loading MPS to PDF converter (version 2006.09.02).]
\scratchcounter=\count294
\scratchdimen=\dimen163
\scratchbox=\box57
\nofMPsegments=\count295
\nofMParguments=\count296
\everyMPshowfont=\toks28
\MPscratchCnt=\count297
\MPscratchDim=\dimen164
\MPnumerator=\count298
\makeMPintoPDFobject=\count299
\everyMPtoPDFconversion=\toks29
) (/usr/share/texlive/texmf-dist/tex/latex/epstopdf-pkg/epstopdf-base.sty
Package: epstopdf-base 2020-01-24 v2.11 Base part for package epstopdf
Package epstopdf-base Info: Redefining graphics rule for `.eps' on input line 4
85.

(/usr/share/texlive/texmf-dist/tex/latex/latexconfig/epstopdf-sys.cfg
File: epstopdf-sys.cfg 2010/07/13 v1.3 Configuration of (r)epstopdf for TeX Liv
e
))
\c@lstlisting=\count300
Package caption Info: Begin \AtBeginDocument code.
Package caption Info: float package is loaded.
Package caption Info: End \AtBeginDocument code.
LaTeX Font Info:    Trying to load font information for U+msa on input line 43.


(/usr/share/texlive/texmf-dist/tex/latex/amsfonts/umsa.fd
File: umsa.fd 2013/01/14 v3.01 AMS symbols A
)
LaTeX Font Info:    Trying to load font information for U+msb on input line 43.


(/usr/share/texlive/texmf-dist/tex/latex/amsfonts/umsb.fd
File: umsb.fd 2013/01/14 v3.01 AMS symbols B
)
<background.png, id=1, 597.432pt x 845.0772pt>
File: background.png Graphic file (type png)
<use background.png>
Package pdftex.def Info: background.png  used on input line 43.
(pdftex.def)             Requested size: 597.41231pt x 845.04933pt.
 [1

{/var/lib/texmf/fonts/map/pdftex/updmap/pdftex.map} <./background.png>] [1

] (./final.toc
Overfull \hbox (2.7681pt too wide) in paragraph at lines 12--12
 [][] []\T1/cmr/m/n/12 Test Per-for-mance in Sit-u-a-tions Where Fed-er-ated Le
arn- 
 []


Overfull \hbox (2.7681pt too wide) in paragraph at lines 13--13
 [][] []\T1/cmr/m/n/12 Test Per-for-mance in Sit-u-a-tions Where Fed-er-ated Le
arn- 
 []

[2

] [3])
\tf@toc=\write3
\openout3 = `final.toc'.

 [4]
Chapter 1.
[5

]
\openout2 = `background.aux'.

 (./background.tex
Underfull \hbox (badness 10000) in paragraph at lines 3--4

 []


Underfull \hbox (badness 10000) in paragraph at lines 12--13

 []

[6

]
<./plots//fedvsswarm.png, id=35, 1061.9675pt x 379.4175pt>
File: ./plots//fedvsswarm.png Graphic file (type png)
<use ./plots//fedvsswarm.png>
Package pdftex.def Info: ./plots//fedvsswarm.png  used on input line 28.
(pdftex.def)             Requested size: 390.0pt x 139.34016pt.
 [7 <./plots//fedvsswarm.png>]) [8]
Chapter 2.
[9



]
\openout2 = `problemandgoals.aux'.

 (./problemandgoals.tex [10

]
Overfull \hbox (5.95064pt too wide) in paragraph at lines 21--22
\T1/cmr/m/n/12 where each node has a re-li-able con-nec-tion to the server []\T
1/cmr/bx/it/12 CITE THIS STATE-
 []

) [11]
Chapter 3.
[12



]
Chapter 4.
[13

]
\openout2 = `design.aux'.

 (./design.tex [14

] [15] [16] [17]) [18]
Chapter 5.
[19



]
\openout2 = `implementation.aux'.

 (./implementation.tex [20

] [21]) [22] [23]
Chapter 6.
[24



]
\openout2 = `results.aux'.

 (./results.tex [25

]
Underfull \hbox (badness 10000) in paragraph at lines 22--22
[]\T1/cmr/m/n/12 Dataset
 []

[26]
Overfull \hbox (1.91772pt too wide) in paragraph at lines 36--42
[][] 
 []

<./plots//aeg1.png, id=106, 419.166pt x 316.5426pt>
File: ./plots//aeg1.png Graphic file (type png)
<use ./plots//aeg1.png>
Package pdftex.def Info: ./plots//aeg1.png  used on input line 50.
(pdftex.def)             Requested size: 301.1261pt x 227.40334pt.
[27]
<./plots//aeg2.png, id=110, 419.166pt x 316.5426pt>
File: ./plots//aeg2.png Graphic file (type png)
<use ./plots//aeg2.png>
Package pdftex.def Info: ./plots//aeg2.png  used on input line 57.
(pdftex.def)             Requested size: 301.1261pt x 227.40334pt.
<./plots//aeg3.png, id=111, 419.166pt x 316.5426pt>
File: ./plots//aeg3.png Graphic file (type png)
<use ./plots//aeg3.png>
Package pdftex.def Info: ./plots//aeg3.png  used on input line 64.
(pdftex.def)             Requested size: 301.1261pt x 227.40334pt.
 [28 <./plots//aeg1.png> <./plots//aeg2.png>]
Overfull \hbox (42.56648pt too wide) in paragraph at lines 81--81
[]\T1/cmr/bx/n/17.28 Dense Net-work Per-for-mance with Node Dropout 
 []

[29 <./plots//aeg3.png>]

LaTeX Warning: Reference `densfig' on page 30 undefined on input line 92.

<./plots//sparsegraph100.png, id=121, 296.10625pt x 293.095pt>
File: ./plots//sparsegraph100.png Graphic file (type png)
<use ./plots//sparsegraph100.png>
Package pdftex.def Info: ./plots//sparsegraph100.png  used on input line 111.
(pdftex.def)             Requested size: 136.50238pt x 135.11603pt.
<./plots//sparsegraph75.png, id=122, 316.18124pt x 316.18124pt>
File: ./plots//sparsegraph75.png Graphic file (type png)
<use ./plots//sparsegraph75.png>
Package pdftex.def Info: ./plots//sparsegraph75.png  used on input line 116.
(pdftex.def)             Requested size: 136.50238pt x 136.50528pt.
<./plots//sparsegraph50.png, id=123, 330.23375pt x 325.215pt>
File: ./plots//sparsegraph50.png Graphic file (type png)
<use ./plots//sparsegraph50.png>
Package pdftex.def Info: ./plots//sparsegraph50.png  used on input line 121.
(pdftex.def)             Requested size: 136.50238pt x 134.43073pt.
<./plots//sparsegraph25.png, id=124, 450.68375pt x 407.5225pt>
File: ./plots//sparsegraph25.png Graphic file (type png)
<use ./plots//sparsegraph25.png>
Package pdftex.def Info: ./plots//sparsegraph25.png  used on input line 126.
(pdftex.def)             Requested size: 136.50238pt x 123.42673pt.
<./plots//sparsegraph0.png, id=125, 450.68375pt x 407.5225pt>
File: ./plots//sparsegraph0.png Graphic file (type png)
<use ./plots//sparsegraph0.png>
Package pdftex.def Info: ./plots//sparsegraph0.png  used on input line 131.
(pdftex.def)             Requested size: 136.50238pt x 123.42673pt.
[30] [31 <./plots//sparsegraph100.png> <./plots//sparsegraph75.png> <./plots//s
parsegraph50.png> <./plots//sparsegraph25.png> <./plots//sparsegraph0.png>]
<./plots//aeg4.png, id=141, 419.166pt x 316.5426pt>
File: ./plots//aeg4.png Graphic file (type png)
<use ./plots//aeg4.png>
Package pdftex.def Info: ./plots//aeg4.png  used on input line 147.
(pdftex.def)             Requested size: 301.1261pt x 227.40334pt.
<./plots//aeg5.png, id=142, 419.166pt x 316.5426pt>
File: ./plots//aeg5.png Graphic file (type png)
<use ./plots//aeg5.png>
Package pdftex.def Info: ./plots//aeg5.png  used on input line 154.
(pdftex.def)             Requested size: 301.1261pt x 227.40334pt.

[32 <./plots//aeg4.png>]
<./plots//aeg6.png, id=147, 419.166pt x 316.5426pt>
File: ./plots//aeg6.png Graphic file (type png)
<use ./plots//aeg6.png>
Package pdftex.def Info: ./plots//aeg6.png  used on input line 161.
(pdftex.def)             Requested size: 301.1261pt x 227.40334pt.
 [33 <./plots//aeg5.png> <./plots//aeg6.png>]) [34]
Chapter 7.
[35



]
\openout2 = `evaluation.aux'.

 (./evaluation.tex) [36

]
Chapter 8.
[37



]
\openout2 = `projectman.aux'.

 (./projectman.tex [38

] [39]) [40]
Chapter 9.
[41



]
\openout2 = `conclusion.aux'.

 (./conclusion.tex) [42

]
\openout2 = `appendix.aux'.

 (./appendix.tex
Appendix A.

Underfull \hbox (badness 10000) in paragraph at lines 38--40

 []

[43




] [44]
Appendix B.
(/usr/share/texlive/texmf-dist/tex/latex/listings/lstlang1.sty
File: lstlang1.sty 2020/03/24 1.8d listings language file
) [45

]
Appendix C.
[46

]
<./plots//gannt-interim.png, id=198, 1817.79124pt x 572.1375pt>
File: ./plots//gannt-interim.png Graphic file (type png)
<use ./plots//gannt-interim.png>
Package pdftex.def Info: ./plots//gannt-interim.png  used on input line 75.
(pdftex.def)             Requested size: 592.0pt x 186.3266pt.

Overfull \vbox (18.88045pt too high) has occurred while \output is active []


[47 <./plots//gannt-interim.png>]
<./plots//gannt-final.png, id=203, 1731.46875pt x 776.9025pt>
File: ./plots//gannt-final.png Graphic file (type png)
<use ./plots//gannt-final.png>
Package pdftex.def Info: ./plots//gannt-final.png  used on input line 80.
(pdftex.def)             Requested size: 592.0pt x 265.62517pt.

Overfull \vbox (18.88045pt too high) has occurred while \output is active []


[48 <./plots//gannt-final.png>]) (./final.bbl
Underfull \hbox (badness 2368) in paragraph at lines 4--6
\T1/cmr/m/n/12 Vienna Transat-lantic Tech-nol-ogy Law Fo-rum, Transat-lantic An
-
 []

[49



] [50]) [51] (./final.aux (./background.aux) (./problemandgoals.aux)
(./design.aux) (./implementation.aux) (./results.aux) (./evaluation.aux)
(./projectman.aux) (./conclusion.aux) (./appendix.aux))

LaTeX Warning: There were undefined references.

 ) 
Here is how much of TeX's memory you used:
 7812 strings out of 478287
 121863 string characters out of 5849288
 589809 words of memory out of 5000000
 25863 multiletter control sequences out of 15000+600000
 490454 words of font info for 80 fonts, out of 8000000 for 9000
 1141 hyphenation exceptions out of 8191
 67i,12n,77p,1071b,1224s stack positions out of 5000i,500n,10000p,200000b,80000s
{/usr/share/texmf/fonts/enc/dvips/cm-super/cm-super-t1.enc}{/usr/share/texmf/
fonts/enc/dvips/cm-super/cm-super-ts1.enc}</usr/share/texlive/texmf-dist/fonts/
type1/public/amsfonts/cm/cmmi10.pfb></usr/share/texlive/texmf-dist/fonts/type1/
public/amsfonts/cm/cmmi12.pfb></usr/share/texlive/texmf-dist/fonts/type1/public
/amsfonts/cm/cmmi8.pfb></usr/share/texlive/texmf-dist/fonts/type1/public/amsfon
ts/cm/cmr10.pfb></usr/share/texlive/texmf-dist/fonts/type1/public/amsfonts/cm/c
mr12.pfb></usr/share/texlive/texmf-dist/fonts/type1/public/amsfonts/cm/cmr8.pfb
></usr/share/texlive/texmf-dist/fonts/type1/public/amsfonts/cm/cmsy10.pfb></usr
/share/texmf/fonts/type1/public/cm-super/sfbi1200.pfb></usr/share/texmf/fonts/t
ype1/public/cm-super/sfbx1200.pfb></usr/share/texmf/fonts/type1/public/cm-super
/sfbx1440.pfb></usr/share/texmf/fonts/type1/public/cm-super/sfbx1728.pfb></usr/
share/texmf/fonts/type1/public/cm-super/sfbx2488.pfb></usr/share/texmf/fonts/ty
pe1/public/cm-super/sfcc1200.pfb></usr/share/texmf/fonts/type1/public/cm-super/
sfrm1000.pfb></usr/share/texmf/fonts/type1/public/cm-super/sfrm1095.pfb></usr/s
hare/texmf/fonts/type1/public/cm-super/sfrm1200.pfb></usr/share/texmf/fonts/typ
e1/public/cm-super/sfrm1440.pfb></usr/share/texmf/fonts/type1/public/cm-super/s
frm2074.pfb></usr/share/texmf/fonts/type1/public/cm-super/sfti1200.pfb>
Output written on final.pdf (52 pages, 2466394 bytes).
PDF statistics:
 304 PDF objects out of 1000 (max. 8388607)
 179 compressed objects within 2 object streams
 0 named destinations out of 1000 (max. 500000)
 76 words of extra memory for PDF output out of 10000 (max. 10000000)

