\BOOKMARK [0][-]{chapter.1}{\376\377\000B\000a\000c\000k\000g\000r\000o\000u\000n\000d}{}% 1
\BOOKMARK [1][-]{section.1.1}{\376\377\000F\000e\000d\000e\000r\000a\000t\000e\000d\000\040\000L\000e\000a\000r\000n\000i\000n\000g}{chapter.1}% 2
\BOOKMARK [1][-]{section.1.2}{\376\377\000B\000l\000o\000c\000k\000c\000h\000a\000i\000n}{chapter.1}% 3
\BOOKMARK [1][-]{section.1.3}{\376\377\000S\000w\000a\000r\000m\000\040\000L\000e\000a\000r\000n\000i\000n\000g}{chapter.1}% 4
\BOOKMARK [0][-]{chapter.2}{\376\377\000P\000r\000o\000b\000l\000e\000m\000\040\000a\000n\000d\000\040\000G\000o\000a\000l\000s}{}% 5
\BOOKMARK [1][-]{section.2.1}{\376\377\000P\000r\000o\000b\000l\000e\000m}{chapter.2}% 6
\BOOKMARK [2][-]{subsection.2.1.1}{\376\377\000T\000h\000e\000\040\000P\000r\000o\000b\000l\000e\000m\000\040\000o\000f\000\040\000P\000r\000i\000v\000a\000c\000y}{section.2.1}% 7
\BOOKMARK [2][-]{subsection.2.1.2}{\376\377\000T\000h\000e\000\040\000P\000r\000o\000b\000l\000e\000m\000\040\000o\000f\000\040\000P\000e\000r\000f\000o\000r\000m\000a\000n\000c\000e}{section.2.1}% 8
\BOOKMARK [1][-]{section.2.2}{\376\377\000G\000o\000a\000l\000s}{chapter.2}% 9
\BOOKMARK [2][-]{subsection.2.2.1}{\376\377\000T\000o\000\040\000D\000e\000s\000i\000g\000n\000\040\000a\000n\000\040\000N\000o\000v\000e\000l\000\040\000A\000l\000g\000o\000r\000i\000t\000h\000m\000\040\000f\000o\000r\000\040\000S\000w\000a\000r\000m\000\040\000L\000e\000a\000r\000n\000i\000n\000g}{section.2.2}% 10
\BOOKMARK [2][-]{subsection.2.2.2}{\376\377\000T\000o\000\040\000I\000m\000p\000l\000e\000m\000e\000n\000t\000\040\000t\000h\000e\000\040\000A\000l\000g\000o\000r\000i\000t\000h\000m}{section.2.2}% 11
\BOOKMARK [2][-]{subsection.2.2.3}{\376\377\000T\000o\000\040\000T\000e\000s\000t\000\040\000P\000e\000r\000f\000o\000r\000m\000a\000n\000c\000e\000\040\000i\000n\000\040\000S\000i\000t\000u\000a\000t\000i\000o\000n\000s\000\040\000W\000h\000e\000r\000e\000\040\000F\000e\000d\000A\000v\000g\000\040\000P\000e\000r\000f\000o\000r\000m\000s\000\040\000W\000e\000l\000l}{section.2.2}% 12
\BOOKMARK [2][-]{subsection.2.2.4}{\376\377\000T\000o\000\040\000T\000e\000s\000t\000\040\000P\000e\000r\000f\000o\000r\000m\000a\000n\000c\000e\000\040\000i\000n\000\040\000S\000i\000t\000u\000a\000t\000i\000o\000n\000s\000\040\000W\000h\000e\000r\000e\000\040\000F\000e\000d\000A\000v\000g\000\040\000P\000e\000r\000f\000o\000r\000m\000s\000\040\000B\000a\000d\000l\000y}{section.2.2}% 13
\BOOKMARK [0][-]{chapter.3}{\376\377\000A\000n\000a\000l\000y\000s\000i\000s\000\040\000a\000n\000d\000\040\000S\000p\000e\000c\000i\000f\000i\000c\000a\000t\000i\000o\000n\000\040\000o\000f\000\040\000t\000h\000e\000\040\000S\000o\000l\000u\000t\000i\000o\000n\000\040\000t\000o\000\040\000t\000h\000e\000\040\000P\000r\000o\000b\000l\000e\000m}{}% 14
\BOOKMARK [0][-]{chapter.4}{\376\377\000D\000e\000t\000a\000i\000l\000e\000d\000\040\000D\000e\000s\000i\000g\000n}{}% 15
\BOOKMARK [1][-]{section.4.1}{\376\377\000T\000h\000e\000\040\000J\000o\000b\000\040\000o\000f\000\040\000a\000\040\000N\000o\000d\000e}{chapter.4}% 16
\BOOKMARK [1][-]{section.4.2}{\376\377\000A\000\040\000B\000l\000o\000c\000k\000c\000h\000a\000i\000n\000-\000l\000e\000s\000s\000\040\000A\000l\000g\000o\000r\000i\000t\000h\000m}{chapter.4}% 17
\BOOKMARK [1][-]{section.4.3}{\376\377\000K\000e\000e\000p\000i\000n\000g\000\040\000T\000r\000a\000c\000k\000\040\000o\000f\000\040\000T\000r\000a\000i\000n\000i\000n\000g\000:\000\040\000T\000h\000e\000\040\000T\000r\000a\000i\000n\000i\000n\000g\000\040\000C\000o\000u\000n\000t\000e\000r}{chapter.4}% 18
\BOOKMARK [1][-]{section.4.4}{\376\377\000C\000o\000m\000b\000i\000n\000i\000n\000g\000\040\000N\000e\000i\000g\000h\000b\000o\000u\000r\000i\000n\000g\000\040\000M\000o\000d\000e\000l\000s}{chapter.4}% 19
\BOOKMARK [2][-]{subsection.4.4.1}{\376\377\000S\000i\000m\000p\000l\000e\000\040\000M\000e\000t\000h\000o\000d\000:\000\040\000A\000v\000e\000r\000a\000g\000i\000n\000g}{section.4.4}% 20
\BOOKMARK [2][-]{subsection.4.4.2}{\376\377\000A\000d\000v\000a\000n\000c\000e\000d\000\040\000M\000e\000t\000h\000o\000d\000:\000\040\000A\000v\000e\000r\000a\000g\000i\000n\000g\000\040\000W\000i\000t\000h\000\040\000S\000y\000n\000c\000h\000r\000o\000n\000i\000s\000a\000t\000i\000o\000n\000\040\000R\000a\000t\000e}{section.4.4}% 21
\BOOKMARK [2][-]{subsection.4.4.3}{\376\377\000I\000g\000n\000o\000r\000i\000n\000g\000\040\000O\000l\000d\000\040\000M\000o\000d\000e\000l\000s\000:\000\040\000T\000r\000a\000i\000n\000i\000n\000g\000\040\000C\000o\000u\000n\000t\000e\000r\000\040\000F\000i\000l\000t\000e\000r\000i\000n\000g}{section.4.4}% 22
\BOOKMARK [1][-]{section.4.5}{\376\377\000B\000e\000h\000a\000v\000i\000o\000u\000r\000\040\000i\000n\000\040\000S\000p\000a\000r\000s\000e\000\040\000N\000e\000t\000w\000o\000r\000k\000s}{chapter.4}% 23
\BOOKMARK [2][-]{subsection.4.5.1}{\376\377\000L\000i\000g\000h\000t\000w\000e\000i\000g\000h\000t\000\040\000A\000p\000p\000r\000o\000a\000c\000h\000:\000\040\000P\000a\000s\000s\000i\000v\000e\000\040\000C\000o\000n\000v\000e\000r\000g\000e\000n\000c\000e}{section.4.5}% 24
\BOOKMARK [2][-]{subsection.4.5.2}{\376\377\000C\000o\000m\000p\000l\000e\000x\000\040\000A\000p\000p\000r\000o\000a\000c\000h\000:\000\040\000R\000e\000l\000a\000y}{section.4.5}% 25
\BOOKMARK [1][-]{section.4.6}{\376\377\000T\000h\000e\000\040\000C\000o\000m\000p\000l\000e\000t\000e\000\040\000A\000l\000g\000o\000r\000i\000t\000h\000m}{chapter.4}% 26
\BOOKMARK [0][-]{chapter.5}{\376\377\000I\000m\000p\000l\000e\000m\000e\000n\000t\000a\000t\000i\000o\000n}{}% 27
\BOOKMARK [1][-]{section.5.1}{\376\377\000M\000a\000c\000h\000i\000n\000e\000\040\000L\000e\000a\000r\000n\000i\000n\000g\000\040\000P\000r\000o\000b\000l\000e\000m}{chapter.5}% 28
\BOOKMARK [2][-]{subsection.5.1.1}{\376\377\000T\000h\000e\000\040\000D\000a\000t\000a\000s\000e\000t}{section.5.1}% 29
\BOOKMARK [2][-]{subsection.5.1.2}{\376\377\000T\000h\000e\000\040\000M\000o\000d\000e\000l}{section.5.1}% 30
\BOOKMARK [1][-]{section.5.2}{\376\377\000I\000m\000p\000l\000e\000m\000e\000n\000t\000i\000n\000g\000\040\000F\000e\000d\000e\000r\000a\000t\000e\000d\000\040\000L\000e\000a\000r\000n\000i\000n\000g}{chapter.5}% 31
\BOOKMARK [2][-]{subsection.5.2.1}{\376\377\000D\000e\000v\000e\000l\000o\000p\000m\000e\000n\000t\000\040\000o\000f\000\040\000t\000h\000e\000\040\000F\000e\000d\000e\000r\000a\000t\000e\000d\000\040\000L\000e\000a\000r\000n\000i\000n\000g\000\040\000A\000l\000g\000o\000r\000i\000t\000h\000m}{section.5.2}% 32
\BOOKMARK [2][-]{subsection.5.2.2}{\376\377\000E\000v\000a\000l\000u\000a\000t\000i\000o\000n\000\040\000o\000f\000\040\000t\000h\000i\000s\000\040\000F\000e\000d\000e\000r\000a\000t\000e\000d\000\040\000L\000e\000a\000r\000n\000i\000n\000g\000\040\000I\000m\000p\000l\000e\000m\000e\000n\000t\000a\000t\000i\000o\000n}{section.5.2}% 33
\BOOKMARK [1][-]{section.5.3}{\376\377\000I\000m\000p\000l\000e\000m\000e\000n\000t\000i\000n\000g\000\040\000t\000h\000e\000\040\000F\000i\000r\000s\000t\000\040\000P\000r\000o\000t\000o\000t\000y\000p\000e}{chapter.5}% 34
\BOOKMARK [2][-]{subsection.5.3.1}{\376\377\000D\000e\000v\000e\000l\000o\000p\000m\000e\000n\000t\000\040\000o\000f\000\040\000t\000h\000e\000\040\000F\000i\000r\000s\000t\000\040\000P\000r\000o\000t\000o\000t\000y\000p\000e}{section.5.3}% 35
\BOOKMARK [2][-]{subsection.5.3.2}{\376\377\000E\000v\000a\000l\000u\000a\000t\000i\000o\000n\000\040\000o\000f\000\040\000t\000h\000e\000\040\000F\000i\000r\000s\000t\000\040\000P\000r\000o\000t\000o\000t\000y\000p\000e}{section.5.3}% 36
\BOOKMARK [1][-]{section.5.4}{\376\377\000I\000m\000p\000l\000e\000m\000e\000n\000t\000i\000n\000g\000\040\000t\000h\000e\000\040\000F\000i\000n\000a\000l\000\040\000A\000l\000g\000o\000r\000i\000t\000h\000m}{chapter.5}% 37
\BOOKMARK [2][-]{subsection.5.4.1}{\376\377\000D\000e\000v\000e\000l\000o\000p\000m\000e\000n\000t\000\040\000o\000f\000\040\000t\000h\000e\000\040\000F\000i\000n\000a\000l\000\040\000A\000l\000g\000o\000r\000i\000t\000h\000m}{section.5.4}% 38
\BOOKMARK [2][-]{subsection.5.4.2}{\376\377\000E\000v\000a\000l\000u\000a\000t\000i\000o\000n\000\040\000o\000f\000\040\000t\000h\000e\000\040\000I\000m\000p\000l\000e\000m\000e\000n\000t\000a\000t\000i\000o\000n\000\040\000o\000f\000\040\000t\000h\000e\000\040\000F\000i\000n\000a\000l\000\040\000A\000l\000g\000o\000r\000i\000t\000h\000m}{section.5.4}% 39
\BOOKMARK [0][-]{chapter.6}{\376\377\000T\000e\000s\000t\000i\000n\000g\000\040\000S\000t\000r\000a\000t\000e\000g\000y\000\040\000a\000n\000d\000\040\000R\000e\000s\000u\000l\000t\000s}{}% 40
\BOOKMARK [1][-]{section.6.1}{\376\377\000S\000t\000r\000a\000t\000e\000g\000i\000e\000s\000\040\000f\000o\000r\000\040\000G\000a\000t\000h\000e\000r\000i\000n\000g\000\040\000o\000f\000\040\000R\000e\000s\000u\000l\000t\000s}{chapter.6}% 41
\BOOKMARK [2][-]{subsection.6.1.1}{\376\377\000C\000h\000o\000s\000e\000n\000\040\000M\000e\000t\000r\000i\000c\000:\000\040\000A\000c\000c\000u\000r\000a\000c\000y}{section.6.1}% 42
\BOOKMARK [2][-]{subsection.6.1.2}{\376\377\000N\000u\000m\000b\000e\000r\000\040\000o\000f\000\040\000S\000i\000m\000u\000l\000a\000t\000e\000d\000\040\000N\000o\000d\000e\000s}{section.6.1}% 43
\BOOKMARK [2][-]{subsection.6.1.3}{\376\377\000R\000e\000p\000e\000a\000t\000e\000d\000\040\000T\000e\000s\000t\000i\000n\000g\000\040\000f\000o\000r\000\040\000N\000o\000i\000s\000e\000\040\000R\000e\000d\000u\000c\000t\000i\000o\000n}{section.6.1}% 44
\BOOKMARK [2][-]{subsection.6.1.4}{\376\377\000C\000o\000n\000f\000i\000g\000u\000r\000i\000n\000g\000\040\000t\000h\000e\000\040\000A\000l\000g\000o\000r\000i\000t\000h\000m}{section.6.1}% 45
\BOOKMARK [2][-]{subsection.6.1.5}{\376\377\000D\000a\000t\000a\000\040\000P\000r\000o\000v\000i\000d\000e\000d\000\040\000t\000o\000\040\000E\000a\000c\000h\000\040\000N\000o\000d\000e}{section.6.1}% 46
\BOOKMARK [2][-]{subsection.6.1.6}{\376\377\000T\000r\000a\000i\000n\000i\000n\000g\000\040\000S\000t\000e\000p\000s\000\040\000a\000n\000d\000\040\000E\000p\000o\000c\000h\000s}{section.6.1}% 47
\BOOKMARK [1][-]{section.6.2}{\376\377\000S\000c\000e\000n\000a\000r\000i\000o\000\040\0001\000:\000\040\000D\000e\000n\000s\000e\000l\000y\000\040\000C\000o\000n\000n\000e\000c\000t\000e\000d\000\040\000N\000e\000t\000w\000o\000r\000k}{chapter.6}% 48
\BOOKMARK [2][-]{subsection.6.2.1}{\376\377\000D\000e\000n\000s\000e\000\040\000N\000e\000t\000w\000o\000r\000k\000\040\000R\000e\000s\000u\000l\000t\000s}{section.6.2}% 49
\BOOKMARK [2][-]{subsection.6.2.2}{\376\377\000A\000n\000a\000l\000y\000s\000i\000s\000\040\000o\000f\000\040\000D\000e\000n\000s\000e\000\040\000N\000e\000t\000w\000o\000r\000k}{section.6.2}% 50
\BOOKMARK [1][-]{section.6.3}{\376\377\000S\000c\000e\000n\000a\000r\000i\000o\000\040\0002\000:\000\040\000S\000p\000a\000r\000s\000e\000l\000y\000\040\000C\000o\000n\000n\000e\000c\000t\000e\000d\000\040\000N\000e\000t\000w\000o\000r\000k}{chapter.6}% 51
\BOOKMARK [2][-]{subsection.6.3.1}{\376\377\000S\000p\000a\000r\000s\000e\000\040\000N\000e\000t\000w\000o\000r\000k\000\040\000R\000e\000s\000u\000l\000t\000s}{section.6.3}% 52
\BOOKMARK [2][-]{subsection.6.3.2}{\376\377\000A\000n\000a\000l\000y\000s\000i\000s\000\040\000o\000f\000\040\000S\000p\000a\000r\000s\000e\000\040\000N\000e\000t\000w\000o\000r\000k}{section.6.3}% 53
\BOOKMARK [1][-]{section.6.4}{\376\377\000S\000c\000e\000n\000a\000r\000i\000o\000\040\0003\000:\000\040\000D\000e\000n\000s\000e\000l\000y\000\040\000C\000o\000n\000n\000e\000c\000t\000e\000d\000\040\000N\000e\000t\000w\000o\000r\000k\000\040\000w\000i\000t\000h\000\040\000C\000l\000a\000s\000s\000\040\000R\000e\000s\000t\000r\000i\000c\000t\000i\000o\000n\000s}{chapter.6}% 54
\BOOKMARK [0][-]{chapter.7}{\376\377\000C\000r\000i\000t\000i\000c\000a\000l\000\040\000E\000v\000a\000l\000u\000a\000t\000i\000o\000n}{}% 55
\BOOKMARK [1][-]{section.7.1}{\376\377\000C\000o\000m\000p\000a\000r\000i\000s\000o\000n\000\040\000o\000f\000\040\000S\000w\000a\000r\000m\000A\000v\000g\000\040\000t\000o\000\040\000O\000t\000h\000e\000r\000\040\000M\000e\000t\000h\000o\000d\000s}{chapter.7}% 56
\BOOKMARK [2][-]{subsection.7.1.1}{\376\377\000C\000o\000m\000p\000a\000r\000i\000s\000o\000n\000\040\000o\000f\000\040\000S\000w\000a\000r\000m\000A\000v\000g\000\040\000t\000o\000\040\000F\000e\000d\000A\000v\000g}{section.7.1}% 57
\BOOKMARK [2][-]{subsection.7.1.2}{\376\377\000C\000o\000m\000p\000a\000r\000i\000s\000o\000n\000\040\000o\000f\000\040\000S\000w\000a\000r\000m\000A\000v\000g\000\040\000t\000o\000\040\000S\000w\000a\000r\000m\000B\000C}{section.7.1}% 58
\BOOKMARK [1][-]{section.7.2}{\376\377\000P\000i\000t\000f\000a\000l\000l\000s\000\040\000o\000f\000\040\000t\000h\000i\000s\000\040\000S\000t\000u\000d\000y}{chapter.7}% 59
\BOOKMARK [2][-]{subsection.7.2.1}{\376\377\000T\000h\000e\000\040\000S\000m\000a\000l\000l\000\040\000S\000i\000m\000u\000l\000a\000t\000e\000d\000\040\000N\000u\000m\000b\000e\000r\000\040\000o\000f\000\040\000N\000o\000d\000e\000s}{section.7.2}% 60
\BOOKMARK [2][-]{subsection.7.2.2}{\376\377\000T\000h\000e\000\040\000L\000a\000c\000k\000\040\000o\000f\000\040\000T\000e\000s\000t\000i\000n\000g\000\040\000O\000v\000e\000r\000h\000e\000a\000d\000s}{section.7.2}% 61
\BOOKMARK [2][-]{subsection.7.2.3}{\376\377\000T\000h\000e\000\040\000L\000a\000c\000k\000\040\000o\000f\000\040\000S\000i\000m\000u\000l\000a\000t\000e\000d\000\040\000I\000n\000t\000e\000r\000n\000e\000t\000\040\000L\000a\000g}{section.7.2}% 62
\BOOKMARK [0][-]{chapter.8}{\376\377\000P\000r\000o\000j\000e\000c\000t\000\040\000M\000a\000n\000a\000g\000e\000m\000e\000n\000t}{}% 63
\BOOKMARK [1][-]{section.8.1}{\376\377\000T\000i\000m\000e\000\040\000M\000a\000n\000a\000g\000e\000m\000e\000n\000t}{chapter.8}% 64
\BOOKMARK [1][-]{section.8.2}{\376\377\000C\000h\000a\000n\000g\000i\000n\000g\000\040\000P\000l\000a\000n\000s}{chapter.8}% 65
\BOOKMARK [1][-]{section.8.3}{\376\377\000R\000i\000s\000k\000\040\000A\000s\000s\000e\000s\000s\000m\000e\000n\000t}{chapter.8}% 66
\BOOKMARK [2][-]{subsection.8.3.1}{\376\377\000P\000e\000r\000s\000o\000n\000a\000l\000\040\000I\000s\000s\000u\000e\000s}{section.8.3}% 67
\BOOKMARK [2][-]{subsection.8.3.2}{\376\377\000H\000a\000r\000d\000w\000a\000r\000e\000\040\000F\000a\000i\000l\000u\000r\000e}{section.8.3}% 68
\BOOKMARK [2][-]{subsection.8.3.3}{\376\377\000A\000l\000g\000o\000r\000i\000t\000h\000m\000\040\000D\000o\000e\000s\000\040\000N\000o\000t\000\040\000W\000o\000r\000k}{section.8.3}% 69
\BOOKMARK [0][-]{chapter.9}{\376\377\000C\000o\000n\000c\000l\000u\000s\000i\000o\000n\000\040\000a\000n\000d\000\040\000F\000u\000t\000u\000r\000e\000\040\000W\000o\000r\000k}{}% 70
\BOOKMARK [1][-]{section.9.1}{\376\377\000C\000o\000n\000c\000l\000u\000s\000i\000o\000n}{chapter.9}% 71
\BOOKMARK [1][-]{section.9.2}{\376\377\000F\000u\000t\000u\000r\000e\000\040\000W\000o\000r\000k}{chapter.9}% 72
\BOOKMARK [0][-]{appendix.A}{\376\377\000S\000w\000a\000r\000m\000A\000v\000g\000\040\000A\000l\000g\000o\000r\000i\000t\000h\000m}{}% 73
\BOOKMARK [1][-]{section.A.1}{\376\377\000T\000r\000a\000i\000n\000i\000n\000g\000\040\000S\000t\000e\000p}{appendix.A}% 74
\BOOKMARK [1][-]{section.A.2}{\376\377\000M\000o\000d\000e\000l\000\040\000R\000e\000c\000e\000i\000v\000e\000d\000\040\000E\000v\000e\000n\000t}{appendix.A}% 75
\BOOKMARK [0][-]{appendix.B}{\376\377\000N\000e\000t\000w\000o\000r\000k\000\040\000G\000e\000n\000e\000r\000a\000t\000i\000o\000n\000\040\000A\000l\000g\000o\000r\000i\000t\000h\000m}{}% 76
\BOOKMARK [0][-]{appendix.C}{\376\377\000M\000a\000c\000h\000i\000n\000e\000\040\000L\000e\000a\000r\000n\000i\000n\000g\000\040\000M\000o\000d\000e\000l}{}% 77
\BOOKMARK [0][-]{appendix.D}{\376\377\000G\000a\000n\000t\000t\000\040\000C\000h\000a\000r\000t\000s}{}% 78
\BOOKMARK [1][-]{section.D.1}{\376\377\000G\000a\000n\000t\000t\000\040\000-\000\040\000I\000n\000t\000e\000r\000i\000m}{appendix.D}% 79
\BOOKMARK [1][-]{section.D.2}{\376\377\000G\000a\000n\000t\000t\000\040\000-\000\040\000F\000i\000n\000a\000l}{appendix.D}% 80
